SF:lib\main.dart
DA:6,0
DA:7,0
DA:16,1
DA:24,2
DA:26,1
DA:28,1
DA:30,1
DA:31,1
DA:40,1
DA:44,1
DA:45,1
DA:52,1
DA:53,2
DA:54,2
DA:55,2
DA:56,0
DA:57,0
DA:58,0
DA:64,1
DA:65,2
DA:66,3
DA:71,1
DA:72,2
DA:73,2
DA:78,1
DA:79,1
DA:80,1
DA:81,2
DA:85,1
DA:89,1
DA:91,1
DA:92,1
DA:93,3
DA:94,3
DA:95,1
DA:96,1
DA:98,1
DA:99,1
DA:101,3
DA:105,1
DA:107,0
DA:108,0
DA:110,0
DA:116,2
DA:123,1
DA:124,2
DA:125,1
DA:126,2
DA:127,1
DA:128,1
DA:129,1
DA:136,1
DA:137,1
DA:138,2
DA:142,1
DA:143,1
DA:144,1
DA:145,1
DA:147,1
DA:148,2
DA:149,1
DA:153,2
DA:156,2
DA:157,1
DA:158,1
DA:159,1
DA:160,1
DA:162,1
DA:166,1
DA:167,1
DA:168,1
DA:169,1
DA:172,0
DA:178,1
DA:179,1
DA:186,1
DA:187,3
DA:188,2
DA:189,3
DA:190,1
LF:80
LH:71
end_of_record
SF:lib\set_alarm.dart
DA:8,1
DA:10,1
DA:11,1
DA:19,0
DA:21,0
DA:22,0
DA:23,0
DA:26,0
DA:27,0
DA:28,0
DA:37,1
DA:38,1
DA:39,1
DA:41,3
DA:44,2
DA:47,1
DA:49,2
DA:50,1
DA:53,1
DA:55,1
DA:56,1
DA:58,3
DA:60,1
DA:62,1
DA:63,1
DA:65,1
DA:68,3
DA:69,1
DA:71,1
DA:76,1
DA:77,1
DA:83,1
DA:84,2
DA:89,1
DA:90,1
DA:92,1
DA:102,1
DA:103,3
DA:104,2
DA:105,3
DA:106,1
LF:41
LH:34
end_of_record
SF:lib\play_puzzle.dart
DA:5,1
DA:7,0
DA:9,0
DA:10,0
DA:13,0
DA:15,0
DA:22,0
DA:23,0
DA:33,0
DA:35,0
DA:36,0
DA:40,0
DA:41,0
DA:42,0
DA:43,0
DA:44,0
DA:45,0
DA:46,0
DA:51,0
DA:52,0
DA:53,0
DA:58,0
DA:59,0
DA:60,0
DA:61,0
DA:62,0
DA:65,0
DA:66,0
DA:71,0
DA:73,0
DA:74,0
DA:76,0
DA:77,0
DA:82,0
DA:83,0
DA:88,0
DA:89,0
DA:94,0
DA:97,0
DA:98,0
DA:99,0
DA:100,0
DA:101,0
DA:104,0
DA:106,0
DA:108,0
DA:110,0
DA:111,0
DA:112,0
DA:116,0
DA:118,0
DA:132,0
DA:138,0
DA:140,0
DA:142,0
DA:143,0
DA:144,0
LF:57
LH:1
end_of_record
SF:lib\settings.dart
DA:4,1
DA:6,1
DA:7,1
DA:8,1
DA:10,1
DA:11,1
DA:13,1
LF:7
LH:7
end_of_record
